<?xml version="1.0" encoding="UTF-8"?>
<!-- Generated by org.testng.reporters.JUnitReportReporter -->
<testsuite hostname="Anand" failures="0" tests="1" name="rahulshettyacademy.SeleniumFrameworkDesign.Tests.LoginWithInvalidCred" time="2.741" errors="0" timestamp="2024-08-11T16:45:22 IST" skipped="0">
  <testcase classname="rahulshettyacademy.SeleniumFrameworkDesign.Tests.LoginWithInvalidCred" name="LogingInWithInvalidCred" time="2.741"/>
  <system-out/>
</testsuite> <!-- rahulshettyacademy.SeleniumFrameworkDesign.Tests.LoginWithInvalidCred -->
