<?xml version="1.0" encoding="UTF-8"?>
<!-- Generated by org.testng.reporters.JUnitReportReporter -->
<testsuite hostname="Anand" failures="0" tests="2" name="rahulshettyacademy.SeleniumFrameworkDesign.Tests.ErrorValidationsTest" time="19.545" errors="0" timestamp="2024-08-11T23:35:03 IST" skipped="0">
  <testcase classname="rahulshettyacademy.SeleniumFrameworkDesign.Tests.ErrorValidationsTest" name="LogingInWithInvalidCred" time="3.578"/>
  <system-out/>
  <testcase classname="rahulshettyacademy.SeleniumFrameworkDesign.Tests.ErrorValidationsTest" name="ProductErrorValidations" time="15.967"/>
  <system-out/>
</testsuite> <!-- rahulshettyacademy.SeleniumFrameworkDesign.Tests.ErrorValidationsTest -->
